<?xml version="1.0" encoding="UTF-8"?>
<!-- Generated by org.testng.reporters.JUnitXMLReporter -->
<testsuite ignored="0" hostname="DESKTOP-67DDO2I" failures="1" tests="9" name="Test" time="36.547" errors="0" timestamp="2022-11-22T19:09:56 GMT-08:00">
  <testcase classname="com.nopcommerce.Testscripts.DashbordPageTest3" name="verifyLoginBtnFunctionalityByUsingValidData" time="6.602"/>
  <testcase classname="com.nopcommerce.Testscripts.DashbordPageTest3" name="VerifysearchBoxWithInValidData" time="0.388"/>
  <testcase classname="com.nopcommerce.Testscripts.DashbordPageTest2" name="verifyLoginBtnFunctionalityByUsingValidData" time="4.661"/>
  <testcase classname="com.nopcommerce.Testscripts.DashbordPageTest2" name="VerifysearchBoxWithValidData" time="0.764"/>
  <testcase classname="com.nopcommerce.Testscripts.DashbordPageTest1" name="verifyLoginBtnFunctionalityByUsingValidData" time="8.789"/>
  <testcase classname="com.nopcommerce.Testscripts.DashbordPageTest1" name="VerifysearchBoxWithValidData" time="0.455">
    <skipped/>
  </testcase> <!-- VerifysearchBoxWithValidData -->
  <testcase classname="com.nopcommerce.Testscripts.DashbordPageTest1" name="VerifysearchBoxWithValidData" time="0.218">
    <skipped/>
  </testcase> <!-- VerifysearchBoxWithValidData -->
  <testcase classname="com.nopcommerce.Testscripts.DashbordPageTest1" name="VerifysearchBoxWithValidData" time="0.195">
    <skipped/>
  </testcase> <!-- VerifysearchBoxWithValidData -->
  <testcase classname="com.nopcommerce.Testscripts.DashbordPageTest1" name="VerifysearchBoxWithValidData" time="0.171">
    <failure type="java.lang.AssertionError" message="List contains Duplicate values expected [1] but found [0]">
      <![CDATA[java.lang.AssertionError: List contains Duplicate values expected [1] but found [0]
at com.nopcommerce.Testscripts.DashbordPageTest1.VerifysearchBoxWithValidData(DashbordPageTest1.java:56)
at java.base/java.util.ArrayList.forEach(ArrayList.java:1511)
... Removed 33 stack frames]]>
    </failure>
  </testcase> <!-- VerifysearchBoxWithValidData -->
</testsuite> <!-- Test -->
