<?xml version="1.0" encoding="UTF-8"?>
<!-- Generated by org.testng.reporters.JUnitXMLReporter -->
<testsuite ignored="0" hostname="DESKTOP-67DDO2I" failures="1" tests="9" name="Test" time="29.203" errors="0" timestamp="2022-11-19T16:04:02 GMT-08:00">
  <testcase classname="com.nopcommerce.Testscripts.DashbordPageTest3" name="verifyLoginBtnFunctionalityByUsingValidData" time="4.504"/>
  <testcase classname="com.nopcommerce.Testscripts.DashbordPageTest3" name="VerifysearchBoxWithInValidData" time="0.538"/>
  <testcase classname="com.nopcommerce.Testscripts.DashbordPageTest2" name="verifyLoginBtnFunctionalityByUsingValidData" time="4.035"/>
  <testcase classname="com.nopcommerce.Testscripts.DashbordPageTest2" name="VerifysearchBoxWithValidData" time="0.578"/>
  <testcase classname="com.nopcommerce.Testscripts.DashbordPageTest1" name="verifyLoginBtnFunctionalityByUsingValidData" time="3.493"/>
  <testcase classname="com.nopcommerce.Testscripts.DashbordPageTest1" name="VerifysearchBoxWithValidData" time="0.375">
    <skipped/>
  </testcase> <!-- VerifysearchBoxWithValidData -->
  <testcase classname="com.nopcommerce.Testscripts.DashbordPageTest1" name="VerifysearchBoxWithValidData" time="0.211">
    <skipped/>
  </testcase> <!-- VerifysearchBoxWithValidData -->
  <testcase classname="com.nopcommerce.Testscripts.DashbordPageTest1" name="VerifysearchBoxWithValidData" time="0.195">
    <skipped/>
  </testcase> <!-- VerifysearchBoxWithValidData -->
  <testcase classname="com.nopcommerce.Testscripts.DashbordPageTest1" name="VerifysearchBoxWithValidData" time="0.154">
    <failure type="java.lang.AssertionError" message="List contains Duplicate values expected [1] but found [0]">
      <![CDATA[java.lang.AssertionError: List contains Duplicate values expected [1] but found [0]
at com.nopcommerce.Testscripts.DashbordPageTest1.VerifysearchBoxWithValidData(DashbordPageTest1.java:56)
at java.base/java.util.ArrayList.forEach(ArrayList.java:1511)
... Removed 33 stack frames]]>
    </failure>
  </testcase> <!-- VerifysearchBoxWithValidData -->
</testsuite> <!-- Test -->
