<?xml version="1.0" encoding="UTF-8"?>
<testng-results ignored="0" total="2" passed="2" failed="0" skipped="0">
  <reporter-output>
    <line>
      <![CDATA[login execution started]]>
    </line>
    <line>
      <![CDATA[login Btn clicked]]>
    </line>
  </reporter-output>
  <suite started-at="2022-12-29T10:51:18 IST" name="Default suite" finished-at="2022-12-29T10:51:37 IST" duration-ms="18580">
    <groups>
      <group name="sanity">
        <method signature="DashbordPageTest2.verifyLoginBtnFunctionalityByUsingValidData()[pri:1, instance:com.nopcommerce.Testscripts.DashbordPageTest2@732c2a62]" name="verifyLoginBtnFunctionalityByUsingValidData" class="com.nopcommerce.Testscripts.DashbordPageTest2"/>
        <method signature="DashbordPageTest2.VerifysearchBoxWithValidData()[pri:2, instance:com.nopcommerce.Testscripts.DashbordPageTest2@732c2a62]" name="VerifysearchBoxWithValidData" class="com.nopcommerce.Testscripts.DashbordPageTest2"/>
      </group> <!-- sanity -->
    </groups>
    <test started-at="2022-12-29T10:51:18 IST" name="Default test" finished-at="2022-12-29T10:51:37 IST" duration-ms="18580">
      <class name="com.nopcommerce.Testscripts.DashbordPageTest2">
        <test-method is-config="true" signature="setup()[pri:0, instance:com.nopcommerce.Testscripts.DashbordPageTest2@732c2a62]" started-at="2022-12-29T10:51:18 IST" name="setup" finished-at="2022-12-29T10:51:27 IST" duration-ms="8979" status="PASS">
          <reporter-output>
          </reporter-output>
        </test-method> <!-- setup -->
        <test-method signature="verifyLoginBtnFunctionalityByUsingValidData()[pri:1, instance:com.nopcommerce.Testscripts.DashbordPageTest2@732c2a62]" started-at="2022-12-29T10:51:27 IST" name="verifyLoginBtnFunctionalityByUsingValidData" description="Here login button functionality with valid data" finished-at="2022-12-29T10:51:36 IST" duration-ms="8334" status="PASS">
          <reporter-output>
            <line>
              <![CDATA[login execution started]]>
            </line>
            <line>
              <![CDATA[login Btn clicked]]>
            </line>
          </reporter-output>
        </test-method> <!-- verifyLoginBtnFunctionalityByUsingValidData -->
        <test-method signature="VerifysearchBoxWithValidData()[pri:2, instance:com.nopcommerce.Testscripts.DashbordPageTest2@732c2a62]" started-at="2022-12-29T10:51:36 IST" name="VerifysearchBoxWithValidData" description="Here searchBox functionality with partial data" finished-at="2022-12-29T10:51:36 IST" depends-on-methods="com.nopcommerce.Testscripts.DashbordPageTest2.verifyLoginBtnFunctionalityByUsingValidData" duration-ms="814" status="PASS">
          <reporter-output>
          </reporter-output>
        </test-method> <!-- VerifysearchBoxWithValidData -->
        <test-method is-config="true" signature="teardown()[pri:0, instance:com.nopcommerce.Testscripts.DashbordPageTest2@732c2a62]" started-at="2022-12-29T10:51:36 IST" name="teardown" finished-at="2022-12-29T10:51:37 IST" duration-ms="376" status="PASS">
          <reporter-output>
          </reporter-output>
        </test-method> <!-- teardown -->
      </class> <!-- com.nopcommerce.Testscripts.DashbordPageTest2 -->
    </test> <!-- Default test -->
  </suite> <!-- Default suite -->
</testng-results>
