<?xml version="1.0" encoding="UTF-8"?>
<!-- Generated by org.testng.reporters.JUnitXMLReporter -->
<testsuite ignored="2" hostname="DESKTOP-67DDO2I" failures="1" tests="7" name="Test" time="19.807" errors="0" timestamp="2022-11-23T09:36:07 GMT-08:00">
  <testcase classname="com.nopcommerce.Testscripts.DashbordPageTest3" name="verifyLoginBtnFunctionalityByUsingValidData" time="3.66"/>
  <testcase classname="com.nopcommerce.Testscripts.DashbordPageTest3" name="VerifysearchBoxWithInValidData" time="0.41"/>
  <testcase classname="com.nopcommerce.Testscripts.DashbordPageTest1" name="verifyLoginBtnFunctionalityByUsingValidData" time="2.932"/>
  <testcase classname="com.nopcommerce.Testscripts.DashbordPageTest1" name="VerifysearchBoxWithValidData" time="0.339">
    <skipped/>
  </testcase> <!-- VerifysearchBoxWithValidData -->
  <testcase classname="com.nopcommerce.Testscripts.DashbordPageTest1" name="VerifysearchBoxWithValidData" time="0.165">
    <skipped/>
  </testcase> <!-- VerifysearchBoxWithValidData -->
  <testcase classname="com.nopcommerce.Testscripts.DashbordPageTest1" name="VerifysearchBoxWithValidData" time="0.129">
    <skipped/>
  </testcase> <!-- VerifysearchBoxWithValidData -->
  <testcase classname="com.nopcommerce.Testscripts.DashbordPageTest1" name="VerifysearchBoxWithValidData" time="0.162">
    <failure type="java.lang.AssertionError" message="List contains Duplicate values expected [1] but found [0]">
      <![CDATA[java.lang.AssertionError: List contains Duplicate values expected [1] but found [0]
at com.nopcommerce.Testscripts.DashbordPageTest1.VerifysearchBoxWithValidData(DashbordPageTest1.java:56)
at java.base/java.util.ArrayList.forEach(ArrayList.java:1511)
... Removed 33 stack frames]]>
    </failure>
  </testcase> <!-- VerifysearchBoxWithValidData -->
  <testcase classname="com.nopcommerce.Testscripts.DashbordPageTest2" name="VerifysearchBoxWithValidData" time="0.0">
    <ignored/>
  </testcase> <!-- VerifysearchBoxWithValidData -->
  <testcase classname="com.nopcommerce.Testscripts.DashbordPageTest2" name="verifyLoginBtnFunctionalityByUsingValidData" time="0.0">
    <ignored/>
  </testcase> <!-- verifyLoginBtnFunctionalityByUsingValidData -->
</testsuite> <!-- Test -->
